{"uid":"dddb2128c7a8909","name":"test_user_registration","fullName":"tests.NegativeScenarios.test_1_neg#test_user_registration","historyId":"d8eb5d6a632e7d5762dc327c8681c4af","time":{"start":1737654031924,"stop":1737654083423,"duration":51499},"status":"broken","statusMessage":"selenium.common.exceptions.TimeoutException: Message: \nStacktrace:\n\tGetHandleVerifier [0x0027FD53+23747]\n\t(No symbol) [0x00207D54]\n\t(No symbol) [0x000DBE53]\n\t(No symbol) [0x0011FCA6]\n\t(No symbol) [0x0011FEEB]\n\t(No symbol) [0x0015D852]\n\t(No symbol) [0x00141E44]\n\t(No symbol) [0x0015B41E]\n\t(No symbol) [0x00141B96]\n\t(No symbol) [0x00113F3C]\n\t(No symbol) [0x00114EBD]\n\tGetHandleVerifier [0x0055AC73+3017699]\n\tGetHandleVerifier [0x0056B93B+3086507]\n\tGetHandleVerifier [0x005640F2+3055714]\n\tGetHandleVerifier [0x00315AF0+637536]\n\t(No symbol) [0x00210A5D]\n\t(No symbol) [0x0020DA28]\n\t(No symbol) [0x0020DBC5]\n\t(No symbol) [0x002007F0]\n\tBaseThreadInitThunk [0x7768FCC9+25]\n\tRtlGetAppContainerNamedObjectPath [0x77BF809E+286]\n\tRtlGetAppContainerNamedObjectPath [0x77BF806E+238]\n\t(No symbol) [0x00000000]","statusTrace":"driver = <selenium.webdriver.chrome.webdriver.WebDriver (session=\"4abe9adfbdc2ad8a7a26f8d967157a0e\")>\n\n    def test_user_registration(driver):\n        driver, device = driver\n        home_page = HomePage(driver)\n        home_page.configHome(url=APP_URL, device=DEVICE[device])\n    \n        WebDriverWait(driver, 50).until(\n        EC.presence_of_element_located((By.ID, \"_desktop_user_info\")))\n    \n        driver.find_element(By.ID, \"_desktop_user_info\").click()\n    \n>       WebDriverWait(driver, 50).until(\n        EC.presence_of_element_located((By.CSS_SELECTOR, \"#content > div > a\")))\n\ntests\\NegativeScenarios\\test_1_neg.py:29: \n_ _ _ _ _ _ _ _ _ _ _ _ _ _ _ _ _ _ _ _ _ _ _ _ _ _ _ _ _ _ _ _ _ _ _ _ _ _ _ _ _ _ _ _ _ _ _ _ _ _ _ _ _ _ _ _ _ _ _ _ _ \n\nself = <selenium.webdriver.support.wait.WebDriverWait (session=\"4abe9adfbdc2ad8a7a26f8d967157a0e\")>\nmethod = <function presence_of_element_located.<locals>._predicate at 0x0000027AE34FD3A0>, message = ''\n\n    def until(self, method: Callable[[D], Union[Literal[False], T]], message: str = \"\") -> T:\n        \"\"\"Calls the method provided with the driver as an argument until the \\\n        return value does not evaluate to ``False``.\n    \n        :param method: callable(WebDriver)\n        :param message: optional message for :exc:`TimeoutException`\n        :returns: the result of the last call to `method`\n        :raises: :exc:`selenium.common.exceptions.TimeoutException` if timeout occurs\n        \"\"\"\n        screen = None\n        stacktrace = None\n    \n        end_time = time.monotonic() + self._timeout\n        while True:\n            try:\n                value = method(self._driver)\n                if value:\n                    return value\n            except self._ignored_exceptions as exc:\n                screen = getattr(exc, \"screen\", None)\n                stacktrace = getattr(exc, \"stacktrace\", None)\n            if time.monotonic() > end_time:\n                break\n            time.sleep(self._poll)\n>       raise TimeoutException(message, screen, stacktrace)\nE       selenium.common.exceptions.TimeoutException: Message: \nE       Stacktrace:\nE       \tGetHandleVerifier [0x0027FD53+23747]\nE       \t(No symbol) [0x00207D54]\nE       \t(No symbol) [0x000DBE53]\nE       \t(No symbol) [0x0011FCA6]\nE       \t(No symbol) [0x0011FEEB]\nE       \t(No symbol) [0x0015D852]\nE       \t(No symbol) [0x00141E44]\nE       \t(No symbol) [0x0015B41E]\nE       \t(No symbol) [0x00141B96]\nE       \t(No symbol) [0x00113F3C]\nE       \t(No symbol) [0x00114EBD]\nE       \tGetHandleVerifier [0x0055AC73+3017699]\nE       \tGetHandleVerifier [0x0056B93B+3086507]\nE       \tGetHandleVerifier [0x005640F2+3055714]\nE       \tGetHandleVerifier [0x00315AF0+637536]\nE       \t(No symbol) [0x00210A5D]\nE       \t(No symbol) [0x0020DA28]\nE       \t(No symbol) [0x0020DBC5]\nE       \t(No symbol) [0x002007F0]\nE       \tBaseThreadInitThunk [0x7768FCC9+25]\nE       \tRtlGetAppContainerNamedObjectPath [0x77BF809E+286]\nE       \tRtlGetAppContainerNamedObjectPath [0x77BF806E+238]\nE       \t(No symbol) [0x00000000]\n\n..\\..\\..\\..\\AppData\\Roaming\\Python\\Python313\\site-packages\\selenium\\webdriver\\support\\wait.py:105: TimeoutException","flaky":false,"newFailed":false,"newBroken":false,"newPassed":false,"retriesCount":0,"retriesStatusChange":false,"beforeStages":[{"name":"driver","time":{"start":1737653333737,"stop":1737653336251,"duration":2514},"status":"passed","steps":[],"attachments":[],"parameters":[],"attachmentsCount":0,"shouldDisplayMessage":false,"attachmentStep":false,"stepsCount":0,"hasContent":false},{"name":"cleanup_after_test","time":{"start":1737654031924,"stop":1737654031924,"duration":0},"status":"passed","steps":[],"attachments":[],"parameters":[],"attachmentsCount":0,"shouldDisplayMessage":false,"attachmentStep":false,"stepsCount":0,"hasContent":false}],"testStage":{"status":"broken","statusMessage":"selenium.common.exceptions.TimeoutException: Message: \nStacktrace:\n\tGetHandleVerifier [0x0027FD53+23747]\n\t(No symbol) [0x00207D54]\n\t(No symbol) [0x000DBE53]\n\t(No symbol) [0x0011FCA6]\n\t(No symbol) [0x0011FEEB]\n\t(No symbol) [0x0015D852]\n\t(No symbol) [0x00141E44]\n\t(No symbol) [0x0015B41E]\n\t(No symbol) [0x00141B96]\n\t(No symbol) [0x00113F3C]\n\t(No symbol) [0x00114EBD]\n\tGetHandleVerifier [0x0055AC73+3017699]\n\tGetHandleVerifier [0x0056B93B+3086507]\n\tGetHandleVerifier [0x005640F2+3055714]\n\tGetHandleVerifier [0x00315AF0+637536]\n\t(No symbol) [0x00210A5D]\n\t(No symbol) [0x0020DA28]\n\t(No symbol) [0x0020DBC5]\n\t(No symbol) [0x002007F0]\n\tBaseThreadInitThunk [0x7768FCC9+25]\n\tRtlGetAppContainerNamedObjectPath [0x77BF809E+286]\n\tRtlGetAppContainerNamedObjectPath [0x77BF806E+238]\n\t(No symbol) [0x00000000]","statusTrace":"driver = <selenium.webdriver.chrome.webdriver.WebDriver (session=\"4abe9adfbdc2ad8a7a26f8d967157a0e\")>\n\n    def test_user_registration(driver):\n        driver, device = driver\n        home_page = HomePage(driver)\n        home_page.configHome(url=APP_URL, device=DEVICE[device])\n    \n        WebDriverWait(driver, 50).until(\n        EC.presence_of_element_located((By.ID, \"_desktop_user_info\")))\n    \n        driver.find_element(By.ID, \"_desktop_user_info\").click()\n    \n>       WebDriverWait(driver, 50).until(\n        EC.presence_of_element_located((By.CSS_SELECTOR, \"#content > div > a\")))\n\ntests\\NegativeScenarios\\test_1_neg.py:29: \n_ _ _ _ _ _ _ _ _ _ _ _ _ _ _ _ _ _ _ _ _ _ _ _ _ _ _ _ _ _ _ _ _ _ _ _ _ _ _ _ _ _ _ _ _ _ _ _ _ _ _ _ _ _ _ _ _ _ _ _ _ \n\nself = <selenium.webdriver.support.wait.WebDriverWait (session=\"4abe9adfbdc2ad8a7a26f8d967157a0e\")>\nmethod = <function presence_of_element_located.<locals>._predicate at 0x0000027AE34FD3A0>, message = ''\n\n    def until(self, method: Callable[[D], Union[Literal[False], T]], message: str = \"\") -> T:\n        \"\"\"Calls the method provided with the driver as an argument until the \\\n        return value does not evaluate to ``False``.\n    \n        :param method: callable(WebDriver)\n        :param message: optional message for :exc:`TimeoutException`\n        :returns: the result of the last call to `method`\n        :raises: :exc:`selenium.common.exceptions.TimeoutException` if timeout occurs\n        \"\"\"\n        screen = None\n        stacktrace = None\n    \n        end_time = time.monotonic() + self._timeout\n        while True:\n            try:\n                value = method(self._driver)\n                if value:\n                    return value\n            except self._ignored_exceptions as exc:\n                screen = getattr(exc, \"screen\", None)\n                stacktrace = getattr(exc, \"stacktrace\", None)\n            if time.monotonic() > end_time:\n                break\n            time.sleep(self._poll)\n>       raise TimeoutException(message, screen, stacktrace)\nE       selenium.common.exceptions.TimeoutException: Message: \nE       Stacktrace:\nE       \tGetHandleVerifier [0x0027FD53+23747]\nE       \t(No symbol) [0x00207D54]\nE       \t(No symbol) [0x000DBE53]\nE       \t(No symbol) [0x0011FCA6]\nE       \t(No symbol) [0x0011FEEB]\nE       \t(No symbol) [0x0015D852]\nE       \t(No symbol) [0x00141E44]\nE       \t(No symbol) [0x0015B41E]\nE       \t(No symbol) [0x00141B96]\nE       \t(No symbol) [0x00113F3C]\nE       \t(No symbol) [0x00114EBD]\nE       \tGetHandleVerifier [0x0055AC73+3017699]\nE       \tGetHandleVerifier [0x0056B93B+3086507]\nE       \tGetHandleVerifier [0x005640F2+3055714]\nE       \tGetHandleVerifier [0x00315AF0+637536]\nE       \t(No symbol) [0x00210A5D]\nE       \t(No symbol) [0x0020DA28]\nE       \t(No symbol) [0x0020DBC5]\nE       \t(No symbol) [0x002007F0]\nE       \tBaseThreadInitThunk [0x7768FCC9+25]\nE       \tRtlGetAppContainerNamedObjectPath [0x77BF809E+286]\nE       \tRtlGetAppContainerNamedObjectPath [0x77BF806E+238]\nE       \t(No symbol) [0x00000000]\n\n..\\..\\..\\..\\AppData\\Roaming\\Python\\Python313\\site-packages\\selenium\\webdriver\\support\\wait.py:105: TimeoutException","steps":[],"attachments":[{"uid":"c704920ae46d25bd","name":"stdout","source":"c704920ae46d25bd.txt","type":"text/plain","size":930}],"parameters":[],"attachmentsCount":1,"shouldDisplayMessage":true,"attachmentStep":false,"stepsCount":0,"hasContent":true},"afterStages":[{"name":"cleanup_after_test::0","time":{"start":1737654083434,"stop":1737654099787,"duration":16353},"status":"passed","steps":[],"attachments":[],"parameters":[],"attachmentsCount":0,"shouldDisplayMessage":false,"attachmentStep":false,"stepsCount":0,"hasContent":false},{"name":"driver::0","time":{"start":1737654848475,"stop":1737654850668,"duration":2193},"status":"passed","steps":[],"attachments":[],"parameters":[],"attachmentsCount":0,"shouldDisplayMessage":false,"attachmentStep":false,"stepsCount":0,"hasContent":false}],"labels":[{"name":"parentSuite","value":"tests.NegativeScenarios"},{"name":"suite","value":"test_1_neg"},{"name":"host","value":"Sherlock"},{"name":"thread","value":"21012-MainThread"},{"name":"framework","value":"pytest"},{"name":"language","value":"cpython3"},{"name":"package","value":"tests.NegativeScenarios.test_1_neg"},{"name":"resultFormat","value":"allure2"}],"parameters":[],"links":[],"hidden":false,"retry":false,"extra":{"severity":"normal","retries":[],"categories":[{"name":"Test defects","matchedStatuses":[],"flaky":false}],"tags":[]},"source":"dddb2128c7a8909.json","parameterValues":[]}